# JRE version: Java(TM) SE Runtime Environment (22.0+36) (build 22+36-2370)
# Java VM: Java HotSpot(TM) 64-Bit Server VM (22+36-2370, mixed mode, sharing, tiered, compressed oops, compressed class ptrs, g1 gc, windows-amd64)
GC Precious Log:
 CardTable entry size: 512
 Card Set container configuration: InlinePtr #cards 5 size 8 Array Of Cards #cards 12 size 40 Howl #buckets 4 coarsen threshold 1843 Howl Bitmap #cards 512 size 80 coarsen threshold 460 Card regions per heap region 1 cards per card region 2048
 CPUs: 20 total, 20 available
 Memory: 7876M
 Large Page Support: Disabled
 NUMA Support: Disabled
 Compressed Oops: Enabled (32-bit)
 Heap Region Size: 1M
 Heap Min Capacity: 8M
 Heap Initial Capacity: 124M
 Heap Max Capacity: 1970M
 Pre-touch: Disabled
 Parallel Workers: 15
 Concurrent Workers: 4
 Concurrent Refinement Workers: 15
 Periodic GC: Disabled
Heap:
 garbage-first heap   total reserved 2017280K, committed 167936K, used 119445K [0x0000000084e00000, 0x0000000100000000)
  region size 1024K, 29 young (29696K), 5 survivors (5120K)
 Metaspace       used 90256K, committed 91200K, reserved 1179648K
  class space    used 12027K, committed 12544K, reserved 1048576K
GC Heap History (20 events):
Event: 1716.054 GC heap before
{Heap before GC invocations=39 (full 0):
 garbage-first heap   total reserved 2017280K, committed 166912K, used 52393K [0x0000000084e00000, 0x0000000100000000)
  region size 1024K, 5 young (5120K), 3 survivors (3072K)
 Metaspace       used 88244K, committed 89088K, reserved 1179648K
  class space    used 11982K, committed 12352K, reserved 1048576K
}
Event: 1716.066 GC heap after
{Heap after GC invocations=40 (full 0):
 garbage-first heap   total reserved 2017280K, committed 166912K, used 53296K [0x0000000084e00000, 0x0000000100000000)
  region size 1024K, 4 young (4096K), 4 survivors (4096K)
 Metaspace       used 88244K, committed 89088K, reserved 1179648K
  class space    used 11982K, committed 12352K, reserved 1048576K
}
Event: 1738.418 GC heap before
{Heap before GC invocations=41 (full 0):
 garbage-first heap   total reserved 2017280K, committed 179200K, used 177200K [0x0000000084e00000, 0x0000000100000000)
  region size 1024K, 39 young (39936K), 4 survivors (4096K)
 Metaspace       used 88356K, committed 89216K, reserved 1179648K
  class space    used 11987K, committed 12416K, reserved 1048576K
}
Event: 1738.430 GC heap after
{Heap after GC invocations=42 (full 0):
 garbage-first heap   total reserved 2017280K, committed 182272K, used 52416K [0x0000000084e00000, 0x0000000100000000)
  region size 1024K, 3 young (3072K), 3 survivors (3072K)
 Metaspace       used 88356K, committed 89216K, reserved 1179648K
  class space    used 11987K, committed 12416K, reserved 1048576K
}
Event: 1788.400 GC heap before
{Heap before GC invocations=42 (full 0):
 garbage-first heap   total reserved 2017280K, committed 186368K, used 184512K [0x0000000084e00000, 0x0000000100000000)
  region size 1024K, 46 young (47104K), 3 survivors (3072K)
 Metaspace       used 88666K, committed 89536K, reserved 1179648K
  class space    used 12016K, committed 12416K, reserved 1048576K
}
Event: 1788.412 GC heap after
{Heap after GC invocations=43 (full 0):
 garbage-first heap   total reserved 2017280K, committed 192512K, used 53162K [0x0000000084e00000, 0x0000000100000000)
  region size 1024K, 4 young (4096K), 4 survivors (4096K)
 Metaspace       used 88666K, committed 89536K, reserved 1179648K
  class space    used 12016K, committed 12416K, reserved 1048576K
}
Event: 1788.414 GC heap before
{Heap before GC invocations=43 (full 0):
 garbage-first heap   total reserved 2017280K, committed 192512K, used 53162K [0x0000000084e00000, 0x0000000100000000)
  region size 1024K, 5 young (5120K), 4 survivors (4096K)
 Metaspace       used 88671K, committed 89536K, reserved 1179648K
  class space    used 12016K, committed 12416K, reserved 1048576K
}
Event: 1788.420 GC heap after
{Heap after GC invocations=44 (full 0):
 garbage-first heap   total reserved 2017280K, committed 192512K, used 53639K [0x0000000084e00000, 0x0000000100000000)
  region size 1024K, 5 young (5120K), 5 survivors (5120K)
 Metaspace       used 88671K, committed 89536K, reserved 1179648K
  class space    used 12016K, committed 12416K, reserved 1048576K
}
Event: 1995.892 GC heap before
{Heap before GC invocations=45 (full 0):
 garbage-first heap   total reserved 2017280K, committed 192512K, used 189831K [0x0000000084e00000, 0x0000000100000000)
  region size 1024K, 52 young (53248K), 5 survivors (5120K)
 Metaspace       used 89397K, committed 90240K, reserved 1179648K
  class space    used 12076K, committed 12480K, reserved 1048576K
}
Event: 1995.908 GC heap after
{Heap after GC invocations=46 (full 0):
 garbage-first heap   total reserved 2017280K, committed 196608K, used 52910K [0x0000000084e00000, 0x0000000100000000)
  region size 1024K, 4 young (4096K), 4 survivors (4096K)
 Metaspace       used 89397K, committed 90240K, reserved 1179648K
  class space    used 12076K, committed 12480K, reserved 1048576K
}
Event: 2394.193 GC heap before
{Heap before GC invocations=46 (full 0):
 garbage-first heap   total reserved 2017280K, committed 196608K, used 194222K [0x0000000084e00000, 0x0000000100000000)
  region size 1024K, 48 young (49152K), 4 survivors (4096K)
 Metaspace       used 89589K, committed 90560K, reserved 1179648K
  class space    used 12086K, committed 12544K, reserved 1048576K
}
Event: 2394.234 GC heap after
{Heap after GC invocations=47 (full 0):
 garbage-first heap   total reserved 2017280K, committed 199680K, used 42898K [0x0000000084e00000, 0x0000000100000000)
  region size 1024K, 3 young (3072K), 3 survivors (3072K)
 Metaspace       used 89589K, committed 90560K, reserved 1179648K
  class space    used 12086K, committed 12544K, reserved 1048576K
}
Event: 2477.741 GC heap before
{Heap before GC invocations=47 (full 0):
 garbage-first heap   total reserved 2017280K, committed 199680K, used 48018K [0x0000000084e00000, 0x0000000100000000)
  region size 1024K, 10 young (10240K), 3 survivors (3072K)
 Metaspace       used 89646K, committed 90624K, reserved 1179648K
  class space    used 12088K, committed 12544K, reserved 1048576K
}
Event: 2477.809 GC heap after
{Heap after GC invocations=48 (full 0):
 garbage-first heap   total reserved 2017280K, committed 199680K, used 44177K [0x0000000084e00000, 0x0000000100000000)
  region size 1024K, 4 young (4096K), 4 survivors (4096K)
 Metaspace       used 89646K, committed 90624K, reserved 1179648K
  class space    used 12088K, committed 12544K, reserved 1048576K
}
Event: 2726.252 GC heap before
{Heap before GC invocations=49 (full 0):
 garbage-first heap   total reserved 2017280K, committed 203776K, used 201873K [0x0000000084e00000, 0x0000000100000000)
  region size 1024K, 50 young (51200K), 4 survivors (4096K)
 Metaspace       used 89771K, committed 90752K, reserved 1179648K
  class space    used 12016K, committed 12544K, reserved 1048576K
}
Event: 2726.371 GC heap after
{Heap after GC invocations=50 (full 0):
 garbage-first heap   total reserved 2017280K, committed 208896K, used 53740K [0x0000000084e00000, 0x0000000100000000)
  region size 1024K, 5 young (5120K), 5 survivors (5120K)
 Metaspace       used 89771K, committed 90752K, reserved 1179648K
  class space    used 12016K, committed 12544K, reserved 1048576K
}
Event: 2856.823 GC heap before
{Heap before GC invocations=50 (full 0):
 garbage-first heap   total reserved 2017280K, committed 214016K, used 212460K [0x0000000084e00000, 0x0000000100000000)
  region size 1024K, 54 young (55296K), 5 survivors (5120K)
 Metaspace       used 90151K, committed 91072K, reserved 1179648K
  class space    used 12020K, committed 12544K, reserved 1048576K
}
Event: 2856.856 GC heap after
{Heap after GC invocations=51 (full 0):
 garbage-first heap   total reserved 2017280K, committed 220160K, used 47372K [0x0000000084e00000, 0x0000000100000000)
  region size 1024K, 4 young (4096K), 4 survivors (4096K)
 Metaspace       used 90151K, committed 91072K, reserved 1179648K
  class space    used 12020K, committed 12544K, reserved 1048576K
}
Event: 2857.088 GC heap before
{Heap before GC invocations=51 (full 0):
 garbage-first heap   total reserved 2017280K, committed 220160K, used 47372K [0x0000000084e00000, 0x0000000100000000)
  region size 1024K, 5 young (5120K), 4 survivors (4096K)
 Metaspace       used 90151K, committed 91072K, reserved 1179648K
  class space    used 12020K, committed 12544K, reserved 1048576K
}
Event: 2857.100 GC heap after
{Heap after GC invocations=52 (full 0):
 garbage-first heap   total reserved 2017280K, committed 220160K, used 47765K [0x0000000084e00000, 0x0000000100000000)
  region size 1024K, 5 young (5120K), 5 survivors (5120K)
 Metaspace       used 90151K, committed 91072K, reserved 1179648K
  class space    used 12020K, committed 12544K, reserved 1048576K
}

